[15.01.2023 11:00:56] Connectée à badsty#7436. Lancement du script.
[15.01.2023 11:00:56] 1. Vérification des données générales
[15.01.2023 11:00:56] 2. Vérification des données de catégorie
[15.01.2023 11:00:56] 3. Vérification des données de canal de texte
[15.01.2023 11:00:56] 4. Vérification des données du canal vocal
[15.01.2023 11:00:56] 5. Enregistrement des données de guilde dans un fichier
[15.01.2023 11:00:56] 6. Vérification terminée et données sauvegardées
[15.01.2023 11:00:56] 7. Suppression des salons
[15.01.2023 11:00:56] 8. Nouveau nettoyage de guilde terminé
[15.01.2023 11:00:56] 9. Définition des données générales
[15.01.2023 11:00:57] 10. Créations des catégories
[15.01.2023 11:00:59] 11. Créations des canaux de texte
                    
[15.01.2023 11:01:35] 12. Création salons vocaux
[15.01.2023 11:01:48] 13. Terminé!
[16.01.2023 22:18:15] Connectée à ZeS ?#7777. Lancement du script.
[16.01.2023 22:18:15] 1. Vérification des données générales
[16.01.2023 22:18:15] 2. Vérification des données de catégorie
[16.01.2023 22:18:15] 3. Vérification des données de canal de texte
[16.01.2023 22:18:15] 4. Vérification des données du canal vocal
[16.01.2023 22:18:15] 5. Enregistrement des données de guilde dans un fichier
[16.01.2023 22:18:15] 6. Vérification terminée et données sauvegardées
[16.01.2023 22:18:15] 7. Suppression des salons
[16.01.2023 22:18:15] 8. Nouveau nettoyage de guilde terminé
[16.01.2023 22:18:15] 9. Définition des données générales
[16.01.2023 22:18:18] 10. Créations des catégories
[16.01.2023 22:18:43] 11. Créations des canaux de texte
                    
[16.01.2023 22:23:12] 12. Création salons vocaux
[16.01.2023 22:23:33] 13. Terminé!
